\BOOKMARK [0][-]{section*.3}{\376\377\000A\000c\000k\000n\000o\000w\000l\000e\000d\000g\000e\000m\000e\000n\000t\000s}{}% 1
\BOOKMARK [0][-]{section*.4}{\376\377\000A\000b\000s\000t\000r\000a\000c\000t}{}% 2
\BOOKMARK [0][-]{section*.5}{\376\377\000T\000a\000b\000l\000e\000\040\000o\000f\000\040\000C\000o\000n\000t\000e\000n\000t\000s}{}% 3
\BOOKMARK [0][-]{section*.7}{\376\377\000L\000i\000s\000t\000\040\000o\000f\000\040\000S\000y\000m\000b\000o\000l\000s}{}% 4
\BOOKMARK [0][-]{section*.9}{\376\377\000L\000i\000s\000t\000\040\000o\000f\000\040\000D\000e\000f\000i\000n\000i\000t\000i\000o\000n\000s}{}% 5
\BOOKMARK [0][-]{section*.11}{\376\377\000L\000i\000s\000t\000\040\000o\000f\000\040\000A\000b\000b\000r\000e\000v\000i\000a\000t\000i\000o\000n\000s}{}% 6
\BOOKMARK [0][-]{chapter.1}{\376\377\000I\000n\000t\000r\000o\000d\000u\000c\000t\000i\000o\000n}{}% 7
\BOOKMARK [1][-]{section.1.1}{\376\377\000B\000a\000c\000k\000g\000r\000o\000u\000n\000d}{chapter.1}% 8
\BOOKMARK [1][-]{section.1.2}{\376\377\000I\000n\000t\000r\000o\000d\000u\000c\000t\000i\000o\000n\000\040\000t\000o\000\040\000O\000p\000e\000n\000A\000r\000m\000o\000r}{chapter.1}% 9
\BOOKMARK [1][-]{section.1.3}{\376\377\000P\000u\000r\000p\000o\000s\000e\000\040\000o\000f\000\040\000t\000h\000e\000\040\000D\000o\000c\000u\000m\000e\000n\000t}{chapter.1}% 10
\BOOKMARK [1][-]{section.1.4}{\376\377\000D\000o\000c\000u\000m\000e\000n\000t\000\040\000C\000o\000n\000v\000e\000n\000t\000i\000o\000n\000s}{chapter.1}% 11
\BOOKMARK [1][-]{section.1.5}{\376\377\000I\000n\000t\000e\000n\000d\000e\000d\000\040\000A\000u\000d\000i\000e\000n\000c\000e}{chapter.1}% 12
\BOOKMARK [1][-]{section.1.6}{\376\377\000P\000r\000o\000d\000u\000c\000t\000\040\000S\000c\000o\000p\000e}{chapter.1}% 13
\BOOKMARK [0][-]{chapter.2}{\376\377\000L\000i\000t\000e\000r\000a\000t\000u\000r\000e\000\040\000S\000u\000r\000v\000e\000y}{}% 14
\BOOKMARK [1][-]{section.2.1}{\376\377\000I\000n\000t\000r\000o\000d\000u\000c\000t\000i\000o\000n}{chapter.2}% 15
\BOOKMARK [1][-]{section.2.2}{\376\377\000A\000d\000v\000a\000n\000c\000e\000d\000\040\000N\000e\000t\000w\000o\000r\000k\000\040\000F\000u\000n\000c\000t\000i\000o\000n\000s\000\040\000a\000n\000d\000\040\000M\000o\000n\000i\000t\000o\000r\000i\000n\000g}{chapter.2}% 16
\BOOKMARK [2][-]{subsection.2.2.1}{\376\377\000e\000B\000P\000F\000-\000B\000a\000s\000e\000d\000\040\000N\000e\000t\000w\000o\000r\000k\000\040\000F\000u\000n\000c\000t\000i\000o\000n\000s}{section.2.2}% 17
\BOOKMARK [2][-]{subsection.2.2.2}{\376\377\000D\000i\000s\000t\000r\000i\000b\000u\000t\000e\000d\000\040\000C\000l\000o\000u\000d\000\040\000M\000o\000n\000i\000t\000o\000r\000i\000n\000g}{section.2.2}% 18
\BOOKMARK [1][-]{section.2.3}{\376\377\000A\000I\000\040\000a\000n\000d\000\040\000M\000a\000c\000h\000i\000n\000e\000\040\000L\000e\000a\000r\000n\000i\000n\000g\000\040\000i\000n\000\040\000C\000y\000b\000e\000r\000s\000e\000c\000u\000r\000i\000t\000y}{chapter.2}% 19
\BOOKMARK [2][-]{subsection.2.3.1}{\376\377\000A\000I\000-\000D\000r\000i\000v\000e\000n\000\040\000C\000y\000b\000e\000r\000s\000e\000c\000u\000r\000i\000t\000y\000\040\000O\000v\000e\000r\000v\000i\000e\000w}{section.2.3}% 20
\BOOKMARK [1][-]{section.2.4}{\376\377\000C\000y\000b\000e\000r\000s\000e\000c\000u\000r\000i\000t\000y\000\040\000E\000v\000e\000n\000t\000\040\000E\000x\000t\000r\000a\000c\000t\000i\000o\000n\000\040\000a\000n\000d\000\040\000A\000n\000a\000l\000y\000s\000i\000s}{chapter.2}% 21
\BOOKMARK [2][-]{subsection.2.4.1}{\376\377\000D\000o\000c\000u\000m\000e\000n\000t\000-\000l\000e\000v\000e\000l\000\040\000C\000y\000b\000e\000r\000s\000e\000c\000u\000r\000i\000t\000y\000\040\000E\000v\000e\000n\000t\000\040\000E\000x\000t\000r\000a\000c\000t\000i\000o\000n}{section.2.4}% 22
\BOOKMARK [2][-]{subsection.2.4.2}{\376\377\000R\000i\000c\000h\000\040\000S\000e\000m\000a\000n\000t\000i\000c\000\040\000I\000n\000f\000o\000r\000m\000a\000t\000i\000o\000n\000\040\000E\000x\000t\000r\000a\000c\000t\000i\000o\000n}{section.2.4}% 23
\BOOKMARK [1][-]{section.2.5}{\376\377\000R\000e\000s\000e\000a\000r\000c\000h\000\040\000P\000a\000p\000e\000r\000\040\0001}{chapter.2}% 24
\BOOKMARK [1][-]{section.2.6}{\376\377\000R\000e\000s\000e\000a\000r\000c\000h\000\040\000P\000a\000p\000e\000r\000\040\0002}{chapter.2}% 25
\BOOKMARK [1][-]{section.2.7}{\376\377\000R\000e\000s\000e\000a\000r\000c\000h\000\040\000P\000a\000p\000e\000r\000\040\0003}{chapter.2}% 26
\BOOKMARK [1][-]{section.2.8}{\376\377\000R\000e\000s\000e\000a\000r\000c\000h\000\040\000P\000a\000p\000e\000r\000\040\0004}{chapter.2}% 27
\BOOKMARK [1][-]{section.2.9}{\376\377\000R\000e\000s\000e\000a\000r\000c\000h\000\040\000P\000a\000p\000e\000r\000\040\0005}{chapter.2}% 28
\BOOKMARK [1][-]{section.2.10}{\376\377\000R\000e\000s\000e\000a\000r\000c\000h\000\040\000P\000a\000p\000e\000r\000\040\0006}{chapter.2}% 29
\BOOKMARK [1][-]{section.2.11}{\376\377\000R\000e\000s\000e\000a\000r\000c\000h\000\040\000P\000a\000p\000e\000r\000\040\0007}{chapter.2}% 30
\BOOKMARK [1][-]{section.2.12}{\376\377\000R\000e\000s\000e\000a\000r\000c\000h\000\040\000P\000a\000p\000e\000r\000\040\0008}{chapter.2}% 31
\BOOKMARK [1][-]{section.2.13}{\376\377\000R\000e\000s\000e\000a\000r\000c\000h\000\040\000P\000a\000p\000e\000r\000\040\0009}{chapter.2}% 32
\BOOKMARK [1][-]{section.2.14}{\376\377\000R\000e\000s\000e\000a\000r\000c\000h\000\040\000P\000a\000p\000e\000r\000\040\0001\0000}{chapter.2}% 33
\BOOKMARK [1][-]{section.2.15}{\376\377\000C\000o\000n\000c\000l\000u\000s\000i\000o\000n}{chapter.2}% 34
\BOOKMARK [0][-]{chapter.3}{\376\377\000S\000o\000f\000t\000w\000a\000r\000e\000\040\000R\000e\000q\000u\000i\000r\000e\000m\000e\000n\000t\000s\000\040\000S\000p\000e\000c\000i\000f\000i\000c\000a\000t\000i\000o\000n\000\040\000\050\000S\000R\000S\000\051}{}% 35
\BOOKMARK [1][-]{section.3.1}{\376\377\000I\000n\000t\000r\000o\000d\000u\000c\000t\000i\000o\000n}{chapter.3}% 36
\BOOKMARK [2][-]{subsection.3.1.1}{\376\377\000P\000u\000r\000p\000o\000s\000e}{section.3.1}% 37
\BOOKMARK [2][-]{subsection.3.1.2}{\376\377\000S\000c\000o\000p\000e}{section.3.1}% 38
\BOOKMARK [2][-]{subsection.3.1.3}{\376\377\000D\000e\000f\000i\000n\000i\000t\000i\000o\000n\000s\000,\000\040\000A\000c\000r\000o\000n\000y\000m\000s\000,\000\040\000a\000n\000d\000\040\000A\000b\000b\000r\000e\000v\000i\000a\000t\000i\000o\000n\000s}{section.3.1}% 39
\BOOKMARK [1][-]{section.3.2}{\376\377\000O\000v\000e\000r\000a\000l\000l\000\040\000D\000e\000s\000c\000r\000i\000p\000t\000i\000o\000n}{chapter.3}% 40
\BOOKMARK [2][-]{subsection.3.2.1}{\376\377\000P\000r\000o\000d\000u\000c\000t\000\040\000P\000e\000r\000s\000p\000e\000c\000t\000i\000v\000e}{section.3.2}% 41
\BOOKMARK [2][-]{subsection.3.2.2}{\376\377\000S\000y\000s\000t\000e\000m\000\040\000I\000n\000t\000e\000r\000f\000a\000c\000e\000s}{section.3.2}% 42
\BOOKMARK [2][-]{subsection.3.2.3}{\376\377\000U\000s\000e\000r\000\040\000I\000n\000t\000e\000r\000f\000a\000c\000e\000s}{section.3.2}% 43
\BOOKMARK [2][-]{subsection.3.2.4}{\376\377\000P\000r\000o\000d\000u\000c\000t\000\040\000F\000u\000n\000c\000t\000i\000o\000n\000s}{section.3.2}% 44
\BOOKMARK [1][-]{section.3.3}{\376\377\000U\000s\000e\000r\000\040\000C\000l\000a\000s\000s\000e\000s\000\040\000a\000n\000d\000\040\000C\000h\000a\000r\000a\000c\000t\000e\000r\000i\000s\000t\000i\000c\000s}{chapter.3}% 45
\BOOKMARK [2][-]{subsection.3.3.1}{\376\377\000C\000y\000b\000e\000r\000s\000e\000c\000u\000r\000i\000t\000y\000\040\000A\000n\000a\000l\000y\000s\000t\000s}{section.3.3}% 46
\BOOKMARK [2][-]{subsection.3.3.2}{\376\377\000S\000y\000s\000t\000e\000m\000\040\000A\000d\000m\000i\000n\000i\000s\000t\000r\000a\000t\000o\000r\000s}{section.3.3}% 47
\BOOKMARK [2][-]{subsection.3.3.3}{\376\377\000I\000T\000\040\000M\000a\000n\000a\000g\000e\000r\000s}{section.3.3}% 48
\BOOKMARK [1][-]{section.3.4}{\376\377\000O\000p\000e\000r\000a\000t\000i\000n\000g\000\040\000E\000n\000v\000i\000r\000o\000n\000m\000e\000n\000t}{chapter.3}% 49
\BOOKMARK [2][-]{subsection.3.4.1}{\376\377\000H\000a\000r\000d\000w\000a\000r\000e\000\040\000R\000e\000q\000u\000i\000r\000e\000m\000e\000n\000t\000s}{section.3.4}% 50
\BOOKMARK [2][-]{subsection.3.4.2}{\376\377\000S\000o\000f\000t\000w\000a\000r\000e\000\040\000R\000e\000q\000u\000i\000r\000e\000m\000e\000n\000t\000s}{section.3.4}% 51
\BOOKMARK [2][-]{subsection.3.4.3}{\376\377\000N\000e\000t\000w\000o\000r\000k\000\040\000R\000e\000q\000u\000i\000r\000e\000m\000e\000n\000t\000s}{section.3.4}% 52
\BOOKMARK [1][-]{section.3.5}{\376\377\000D\000e\000s\000i\000g\000n\000\040\000a\000n\000d\000\040\000I\000m\000p\000l\000e\000m\000e\000n\000t\000a\000t\000i\000o\000n\000\040\000C\000o\000n\000s\000t\000r\000a\000i\000n\000t\000s}{chapter.3}% 53
\BOOKMARK [1][-]{section.3.6}{\376\377\000A\000s\000s\000u\000m\000p\000t\000i\000o\000n\000s\000\040\000a\000n\000d\000\040\000D\000e\000p\000e\000n\000d\000e\000n\000c\000i\000e\000s}{chapter.3}% 54
\BOOKMARK [2][-]{subsection.3.6.1}{\376\377\000A\000s\000s\000u\000m\000p\000t\000i\000o\000n\000s}{section.3.6}% 55
\BOOKMARK [2][-]{subsection.3.6.2}{\376\377\000D\000e\000p\000e\000n\000d\000e\000n\000c\000i\000e\000s}{section.3.6}% 56
\BOOKMARK [1][-]{section.3.7}{\376\377\000E\000x\000t\000e\000r\000n\000a\000l\000\040\000I\000n\000t\000e\000r\000f\000a\000c\000e\000\040\000R\000e\000q\000u\000i\000r\000e\000m\000e\000n\000t\000s}{chapter.3}% 57
\BOOKMARK [2][-]{subsection.3.7.1}{\376\377\000U\000s\000e\000r\000\040\000I\000n\000t\000e\000r\000f\000a\000c\000e\000s}{section.3.7}% 58
\BOOKMARK [2][-]{subsection.3.7.2}{\376\377\000H\000a\000r\000d\000w\000a\000r\000e\000\040\000I\000n\000t\000e\000r\000f\000a\000c\000e\000s}{section.3.7}% 59
\BOOKMARK [2][-]{subsection.3.7.3}{\376\377\000S\000o\000f\000t\000w\000a\000r\000e\000\040\000I\000n\000t\000e\000r\000f\000a\000c\000e\000s}{section.3.7}% 60
\BOOKMARK [2][-]{subsection.3.7.4}{\376\377\000C\000o\000m\000m\000u\000n\000i\000c\000a\000t\000i\000o\000n\000s\000\040\000I\000n\000t\000e\000r\000f\000a\000c\000e\000s}{section.3.7}% 61
\BOOKMARK [1][-]{section.3.8}{\376\377\000F\000u\000n\000c\000t\000i\000o\000n\000a\000l\000\040\000R\000e\000q\000u\000i\000r\000e\000m\000e\000n\000t\000s}{chapter.3}% 62
\BOOKMARK [2][-]{subsection.3.8.1}{\376\377\000e\000B\000P\000F\000\040\000L\000o\000g\000g\000i\000n\000g}{section.3.8}% 63
\BOOKMARK [2][-]{subsection.3.8.2}{\376\377\000O\000C\000S\000F\000\040\000S\000t\000a\000n\000d\000a\000r\000d\000i\000z\000a\000t\000i\000o\000n}{section.3.8}% 64
\BOOKMARK [2][-]{subsection.3.8.3}{\376\377\000K\000e\000r\000n\000e\000l\000\040\000S\000p\000a\000c\000e\000\040\000L\000o\000g\000g\000i\000n\000g}{section.3.8}% 65
\BOOKMARK [2][-]{subsection.3.8.4}{\376\377\000A\000I\000\040\000L\000o\000g\000\040\000P\000r\000o\000c\000e\000s\000s\000i\000n\000g}{section.3.8}% 66
\BOOKMARK [2][-]{subsection.3.8.5}{\376\377\000A\000u\000t\000o\000m\000a\000t\000e\000d\000\040\000T\000h\000r\000e\000a\000t\000\040\000D\000e\000t\000e\000c\000t\000i\000o\000n}{section.3.8}% 67
\BOOKMARK [2][-]{subsection.3.8.6}{\376\377\000O\000S\000q\000u\000e\000r\000y\000\040\000I\000n\000t\000e\000g\000r\000a\000t\000i\000o\000n}{section.3.8}% 68
\BOOKMARK [1][-]{section.3.9}{\376\377\000N\000o\000n\000-\000F\000u\000n\000c\000t\000i\000o\000n\000a\000l\000\040\000R\000e\000q\000u\000i\000r\000e\000m\000e\000n\000t\000s}{chapter.3}% 69
\BOOKMARK [2][-]{subsection.3.9.1}{\376\377\000P\000e\000r\000f\000o\000r\000m\000a\000n\000c\000e\000\040\000R\000e\000q\000u\000i\000r\000e\000m\000e\000n\000t\000s}{section.3.9}% 70
\BOOKMARK [2][-]{subsection.3.9.2}{\376\377\000S\000a\000f\000e\000t\000y\000\040\000R\000e\000q\000u\000i\000r\000e\000m\000e\000n\000t\000s}{section.3.9}% 71
\BOOKMARK [2][-]{subsection.3.9.3}{\376\377\000S\000e\000c\000u\000r\000i\000t\000y\000\040\000R\000e\000q\000u\000i\000r\000e\000m\000e\000n\000t\000s}{section.3.9}% 72
\BOOKMARK [2][-]{subsection.3.9.4}{\376\377\000S\000o\000f\000t\000w\000a\000r\000e\000\040\000Q\000u\000a\000l\000i\000t\000y\000\040\000A\000t\000t\000r\000i\000b\000u\000t\000e\000s}{section.3.9}% 73
\BOOKMARK [1][-]{section.3.10}{\376\377\000C\000o\000n\000c\000l\000u\000s\000i\000o\000n}{chapter.3}% 74
\BOOKMARK [0][-]{chapter.4}{\376\377\000S\000y\000s\000t\000e\000m\000\040\000D\000e\000s\000i\000g\000n}{}% 75
\BOOKMARK [1][-]{section.4.1}{\376\377\000S\000y\000s\000t\000e\000m\000\040\000A\000r\000c\000h\000i\000t\000e\000c\000t\000u\000r\000e}{chapter.4}% 76
\BOOKMARK [1][-]{section.4.2}{\376\377\000E\000x\000t\000e\000r\000n\000a\000l\000\040\000I\000n\000t\000e\000r\000f\000a\000c\000e\000s}{chapter.4}% 77
\BOOKMARK [2][-]{subsection.4.2.1}{\376\377\000U\000s\000e\000r\000\040\000I\000n\000t\000e\000r\000f\000a\000c\000e\000s}{section.4.2}% 78
\BOOKMARK [2][-]{subsection.4.2.2}{\376\377\000H\000a\000r\000d\000w\000a\000r\000e\000\040\000I\000n\000t\000e\000r\000f\000a\000c\000e\000s}{section.4.2}% 79
\BOOKMARK [2][-]{subsection.4.2.3}{\376\377\000S\000o\000f\000t\000w\000a\000r\000e\000\040\000I\000n\000t\000e\000r\000f\000a\000c\000e\000s}{section.4.2}% 80
\BOOKMARK [2][-]{subsection.4.2.4}{\376\377\000C\000o\000m\000m\000u\000n\000i\000c\000a\000t\000i\000o\000n\000\040\000I\000n\000t\000e\000r\000f\000a\000c\000e\000s}{section.4.2}% 81
\BOOKMARK [1][-]{section.4.3}{\376\377\000S\000y\000s\000t\000e\000m\000\040\000F\000e\000a\000t\000u\000r\000e\000s}{chapter.4}% 82
\BOOKMARK [2][-]{subsection.4.3.1}{\376\377\000e\000B\000P\000F\000-\000E\000n\000h\000a\000n\000c\000e\000d\000\040\000K\000e\000r\000n\000e\000l\000\040\000S\000p\000a\000c\000e\000\040\000L\000o\000g\000g\000i\000n\000g}{section.4.3}% 83
\BOOKMARK [2][-]{subsection.4.3.2}{\376\377\000O\000C\000S\000F\000\040\000S\000t\000a\000n\000d\000a\000r\000d\000i\000z\000a\000t\000i\000o\000n\000\040\000a\000n\000d\000\040\000I\000n\000t\000e\000g\000r\000a\000t\000i\000o\000n}{section.4.3}% 84
\BOOKMARK [2][-]{subsection.4.3.3}{\376\377\000A\000I\000-\000D\000r\000i\000v\000e\000n\000\040\000T\000h\000r\000e\000a\000t\000\040\000D\000e\000t\000e\000c\000t\000i\000o\000n}{section.4.3}% 85
\BOOKMARK [2][-]{subsection.4.3.4}{\376\377\000U\000n\000i\000f\000i\000e\000d\000\040\000Q\000u\000e\000r\000y\000\040\000a\000n\000d\000\040\000R\000e\000s\000p\000o\000n\000s\000e\000\040\000S\000y\000s\000t\000e\000m}{section.4.3}% 86
\BOOKMARK [1][-]{section.4.4}{\376\377\000D\000a\000t\000a\000\040\000D\000e\000s\000i\000g\000n}{chapter.4}% 87
\BOOKMARK [1][-]{section.4.5}{\376\377\000S\000e\000c\000u\000r\000i\000t\000y\000\040\000a\000n\000d\000\040\000P\000r\000i\000v\000a\000c\000y\000\040\000D\000e\000s\000i\000g\000n}{chapter.4}% 88
\BOOKMARK [1][-]{section.4.6}{\376\377\000P\000e\000r\000f\000o\000r\000m\000a\000n\000c\000e}{chapter.4}% 89
\BOOKMARK [1][-]{section.4.7}{\376\377\000C\000o\000n\000c\000l\000u\000s\000i\000o\000n}{chapter.4}% 90
\BOOKMARK [0][-]{chapter.5}{\376\377\000M\000e\000t\000h\000o\000d\000o\000l\000o\000g\000y}{}% 91
\BOOKMARK [1][-]{section.5.1}{\376\377\000D\000a\000t\000a\000\040\000A\000c\000q\000u\000i\000s\000i\000t\000i\000o\000n\000\040\000P\000h\000a\000s\000e}{chapter.5}% 92
\BOOKMARK [2][-]{subsection.5.1.1}{\376\377\000e\000B\000P\000F\000-\000b\000a\000s\000e\000d\000\040\000K\000e\000r\000n\000e\000l\000\040\000M\000o\000n\000i\000t\000o\000r\000i\000n\000g}{section.5.1}% 93
\BOOKMARK [2][-]{subsection.5.1.2}{\376\377\000I\000n\000t\000e\000g\000r\000a\000t\000i\000o\000n\000\040\000w\000i\000t\000h\000\040\000E\000x\000i\000s\000t\000i\000n\000g\000\040\000S\000e\000c\000u\000r\000i\000t\000y\000\040\000T\000o\000o\000l\000s}{section.5.1}% 94
\BOOKMARK [2][-]{subsection.5.1.3}{\376\377\000N\000e\000t\000w\000o\000r\000k\000\040\000T\000r\000a\000f\000f\000i\000c\000\040\000A\000n\000a\000l\000y\000s\000i\000s}{section.5.1}% 95
\BOOKMARK [1][-]{section.5.2}{\376\377\000D\000a\000t\000a\000\040\000I\000n\000t\000e\000g\000r\000a\000t\000i\000o\000n\000\040\000a\000n\000d\000\040\000N\000o\000r\000m\000a\000l\000i\000z\000a\000t\000i\000o\000n\000\040\000P\000h\000a\000s\000e}{chapter.5}% 96
\BOOKMARK [2][-]{subsection.5.2.1}{\376\377\000O\000C\000S\000F\000\040\000S\000t\000a\000n\000d\000a\000r\000d\000i\000z\000a\000t\000i\000o\000n}{section.5.2}% 97
\BOOKMARK [2][-]{subsection.5.2.2}{\376\377\000D\000a\000t\000a\000\040\000E\000n\000r\000i\000c\000h\000m\000e\000n\000t}{section.5.2}% 98
\BOOKMARK [1][-]{section.5.3}{\376\377\000D\000a\000t\000a\000\040\000P\000r\000o\000c\000e\000s\000s\000i\000n\000g\000\040\000a\000n\000d\000\040\000A\000n\000a\000l\000y\000s\000i\000s\000\040\000P\000h\000a\000s\000e}{chapter.5}% 99
\BOOKMARK [2][-]{subsection.5.3.1}{\376\377\000D\000a\000t\000a\000\040\000P\000r\000e\000p\000r\000o\000c\000e\000s\000s\000i\000n\000g}{section.5.3}% 100
\BOOKMARK [2][-]{subsection.5.3.2}{\376\377\000M\000a\000c\000h\000i\000n\000e\000\040\000L\000e\000a\000r\000n\000i\000n\000g\000\040\000P\000i\000p\000e\000l\000i\000n\000e}{section.5.3}% 101
\BOOKMARK [2][-]{subsection.5.3.3}{\376\377\000R\000e\000a\000l\000-\000t\000i\000m\000e\000\040\000A\000n\000a\000l\000y\000t\000i\000c\000s}{section.5.3}% 102
\BOOKMARK [1][-]{section.5.4}{\376\377\000T\000h\000r\000e\000a\000t\000\040\000D\000e\000t\000e\000c\000t\000i\000o\000n\000\040\000a\000n\000d\000\040\000R\000e\000s\000p\000o\000n\000s\000e\000\040\000P\000h\000a\000s\000e}{chapter.5}% 103
\BOOKMARK [2][-]{subsection.5.4.1}{\376\377\000A\000u\000t\000o\000m\000a\000t\000e\000d\000\040\000T\000h\000r\000e\000a\000t\000\040\000D\000e\000t\000e\000c\000t\000i\000o\000n}{section.5.4}% 104
\BOOKMARK [2][-]{subsection.5.4.2}{\376\377\000A\000l\000e\000r\000t\000\040\000P\000r\000i\000o\000r\000i\000t\000i\000z\000a\000t\000i\000o\000n\000\040\000a\000n\000d\000\040\000T\000r\000i\000a\000g\000e}{section.5.4}% 105
\BOOKMARK [2][-]{subsection.5.4.3}{\376\377\000A\000u\000t\000o\000m\000a\000t\000e\000d\000\040\000R\000e\000s\000p\000o\000n\000s\000e}{section.5.4}% 106
\BOOKMARK [1][-]{section.5.5}{\376\377\000C\000o\000n\000t\000i\000n\000u\000o\000u\000s\000\040\000I\000m\000p\000r\000o\000v\000e\000m\000e\000n\000t}{chapter.5}% 107
\BOOKMARK [1][-]{section.5.6}{\376\377\000C\000o\000n\000c\000l\000u\000s\000i\000o\000n}{chapter.5}% 108
\BOOKMARK [0][-]{chapter.6}{\376\377\000I\000m\000p\000l\000e\000m\000e\000n\000t\000a\000t\000i\000o\000n}{}% 109
\BOOKMARK [1][-]{section.6.1}{\376\377\000P\000h\000a\000s\000e\000\040\0001\000:\000\040\000A\000d\000v\000a\000n\000c\000e\000d\000\040\000L\000o\000g\000g\000i\000n\000g\000\040\000a\000n\000d\000\040\000D\000a\000t\000a\000\040\000C\000o\000l\000l\000e\000c\000t\000i\000o\000n}{chapter.6}% 110
\BOOKMARK [2][-]{subsection.6.1.1}{\376\377\000e\000B\000P\000F\000\040\000L\000o\000g\000g\000i\000n\000g\000\040\000I\000m\000p\000l\000e\000m\000e\000n\000t\000a\000t\000i\000o\000n}{section.6.1}% 111
\BOOKMARK [2][-]{subsection.6.1.2}{\376\377\000I\000n\000t\000e\000g\000r\000a\000t\000i\000o\000n\000\040\000o\000f\000\040\000E\000x\000i\000s\000t\000i\000n\000g\000\040\000S\000e\000c\000u\000r\000i\000t\000y\000\040\000T\000o\000o\000l\000s}{section.6.1}% 112
\BOOKMARK [2][-]{subsection.6.1.3}{\376\377\000N\000e\000t\000w\000o\000r\000k\000\040\000T\000r\000a\000f\000f\000i\000c\000\040\000A\000n\000a\000l\000y\000s\000i\000s}{section.6.1}% 113
\BOOKMARK [1][-]{section.6.2}{\376\377\000P\000h\000a\000s\000e\000\040\0002\000:\000\040\000L\000o\000g\000\040\000S\000t\000a\000n\000d\000a\000r\000d\000i\000z\000a\000t\000i\000o\000n\000\040\000a\000n\000d\000\040\000I\000n\000t\000e\000g\000r\000a\000t\000i\000o\000n}{chapter.6}% 114
\BOOKMARK [2][-]{subsection.6.2.1}{\376\377\000O\000C\000S\000F\000\040\000S\000t\000a\000n\000d\000a\000r\000d\000i\000z\000a\000t\000i\000o\000n\000\040\000I\000m\000p\000l\000e\000m\000e\000n\000t\000a\000t\000i\000o\000n}{section.6.2}% 115
\BOOKMARK [2][-]{subsection.6.2.2}{\376\377\000D\000a\000t\000a\000\040\000E\000n\000r\000i\000c\000h\000m\000e\000n\000t\000\040\000P\000i\000p\000e\000l\000i\000n\000e}{section.6.2}% 116
\BOOKMARK [1][-]{section.6.3}{\376\377\000P\000h\000a\000s\000e\000\040\0003\000:\000\040\000A\000I\000\040\000L\000o\000g\000\040\000P\000r\000o\000c\000e\000s\000s\000i\000n\000g}{chapter.6}% 117
\BOOKMARK [2][-]{subsection.6.3.1}{\376\377\000D\000a\000t\000a\000\040\000P\000r\000e\000p\000r\000o\000c\000e\000s\000s\000i\000n\000g}{section.6.3}% 118
\BOOKMARK [2][-]{subsection.6.3.2}{\376\377\000M\000a\000c\000h\000i\000n\000e\000\040\000L\000e\000a\000r\000n\000i\000n\000g\000\040\000M\000o\000d\000e\000l\000\040\000D\000e\000v\000e\000l\000o\000p\000m\000e\000n\000t}{section.6.3}% 119
\BOOKMARK [2][-]{subsection.6.3.3}{\376\377\000N\000a\000t\000u\000r\000a\000l\000\040\000L\000a\000n\000g\000u\000a\000g\000e\000\040\000P\000r\000o\000c\000e\000s\000s\000i\000n\000g}{section.6.3}% 120
\BOOKMARK [1][-]{section.6.4}{\376\377\000P\000h\000a\000s\000e\000\040\0004\000:\000\040\000A\000u\000t\000o\000m\000a\000t\000e\000d\000\040\000T\000h\000r\000e\000a\000t\000\040\000D\000e\000t\000e\000c\000t\000i\000o\000n}{chapter.6}% 121
\BOOKMARK [2][-]{subsection.6.4.1}{\376\377\000R\000u\000l\000e\000-\000B\000a\000s\000e\000d\000\040\000D\000e\000t\000e\000c\000t\000i\000o\000n\000\040\000E\000n\000g\000i\000n\000e}{section.6.4}% 122
\BOOKMARK [2][-]{subsection.6.4.2}{\376\377\000A\000n\000o\000m\000a\000l\000y\000\040\000D\000e\000t\000e\000c\000t\000i\000o\000n\000\040\000S\000y\000s\000t\000e\000m}{section.6.4}% 123
\BOOKMARK [2][-]{subsection.6.4.3}{\376\377\000B\000e\000h\000a\000v\000i\000o\000r\000\040\000A\000n\000a\000l\000y\000t\000i\000c\000s}{section.6.4}% 124
\BOOKMARK [2][-]{subsection.6.4.4}{\376\377\000T\000h\000r\000e\000a\000t\000\040\000I\000n\000t\000e\000l\000l\000i\000g\000e\000n\000c\000e\000\040\000I\000n\000t\000e\000g\000r\000a\000t\000i\000o\000n}{section.6.4}% 125
\BOOKMARK [1][-]{section.6.5}{\376\377\000P\000h\000a\000s\000e\000\040\0005\000:\000\040\000M\000o\000n\000i\000t\000o\000r\000i\000n\000g\000\040\000a\000n\000d\000\040\000R\000e\000s\000p\000o\000n\000s\000e}{chapter.6}% 126
\BOOKMARK [2][-]{subsection.6.5.1}{\376\377\000R\000e\000a\000l\000-\000T\000i\000m\000e\000\040\000A\000n\000a\000l\000y\000t\000i\000c\000s\000\040\000I\000m\000p\000l\000e\000m\000e\000n\000t\000a\000t\000i\000o\000n}{section.6.5}% 127
\BOOKMARK [2][-]{subsection.6.5.2}{\376\377\000A\000l\000e\000r\000t\000\040\000M\000a\000n\000a\000g\000e\000m\000e\000n\000t\000\040\000S\000y\000s\000t\000e\000m}{section.6.5}% 128
\BOOKMARK [2][-]{subsection.6.5.3}{\376\377\000R\000e\000s\000p\000o\000n\000s\000e\000\040\000A\000u\000t\000o\000m\000a\000t\000i\000o\000n}{section.6.5}% 129
\BOOKMARK [2][-]{subsection.6.5.4}{\376\377\000U\000s\000e\000r\000\040\000I\000n\000t\000e\000r\000f\000a\000c\000e\000\040\000a\000n\000d\000\040\000D\000a\000s\000h\000b\000o\000a\000r\000d\000s}{section.6.5}% 130
\BOOKMARK [1][-]{section.6.6}{\376\377\000P\000h\000a\000s\000e\000\040\0006\000:\000\040\000C\000o\000n\000t\000i\000n\000u\000o\000u\000s\000\040\000I\000m\000p\000r\000o\000v\000e\000m\000e\000n\000t}{chapter.6}% 131
\BOOKMARK [2][-]{subsection.6.6.1}{\376\377\000F\000e\000e\000d\000b\000a\000c\000k\000\040\000L\000o\000o\000p\000\040\000I\000m\000p\000l\000e\000m\000e\000n\000t\000a\000t\000i\000o\000n}{section.6.6}% 132
\BOOKMARK [2][-]{subsection.6.6.2}{\376\377\000M\000o\000d\000e\000l\000\040\000U\000p\000d\000a\000t\000e\000\040\000P\000i\000p\000e\000l\000i\000n\000e}{section.6.6}% 133
\BOOKMARK [2][-]{subsection.6.6.3}{\376\377\000T\000h\000r\000e\000a\000t\000\040\000I\000n\000t\000e\000l\000l\000i\000g\000e\000n\000c\000e\000\040\000G\000a\000t\000h\000e\000r\000i\000n\000g}{section.6.6}% 134
\BOOKMARK [1][-]{section.6.7}{\376\377\000C\000o\000n\000c\000l\000u\000s\000i\000o\000n}{chapter.6}% 135
\BOOKMARK [0][-]{chapter.7}{\376\377\000O\000p\000e\000n\000A\000r\000m\000o\000r\000\040\000A\000g\000e\000n\000t\000-\000S\000e\000r\000v\000e\000r\000\040\000T\000e\000s\000t\000i\000n\000g}{}% 136
\BOOKMARK [1][-]{section.7.1}{\376\377\000I\000n\000t\000r\000o\000d\000u\000c\000t\000i\000o\000n}{chapter.7}% 137
\BOOKMARK [1][-]{section.7.2}{\376\377\000T\000e\000s\000t\000\040\000E\000n\000v\000i\000r\000o\000n\000m\000e\000n\000t\000\040\000S\000e\000t\000u\000p}{chapter.7}% 138
\BOOKMARK [2][-]{subsection.7.2.1}{\376\377\000A\000g\000e\000n\000t\000\040\000S\000e\000t\000u\000p}{section.7.2}% 139
\BOOKMARK [2][-]{subsection.7.2.2}{\376\377\000S\000e\000r\000v\000e\000r\000\040\000S\000e\000t\000u\000p}{section.7.2}% 140
\BOOKMARK [2][-]{subsection.7.2.3}{\376\377\000N\000e\000t\000w\000o\000r\000k\000\040\000C\000o\000n\000f\000i\000g\000u\000r\000a\000t\000i\000o\000n}{section.7.2}% 141
\BOOKMARK [1][-]{section.7.3}{\376\377\000F\000u\000n\000c\000t\000i\000o\000n\000a\000l\000i\000t\000y\000\040\000T\000e\000s\000t\000i\000n\000g}{chapter.7}% 142
\BOOKMARK [2][-]{subsection.7.3.1}{\376\377\000A\000g\000e\000n\000t\000\040\000R\000e\000g\000i\000s\000t\000r\000a\000t\000i\000o\000n}{section.7.3}% 143
\BOOKMARK [2][-]{subsection.7.3.2}{\376\377\000D\000a\000t\000a\000\040\000C\000o\000l\000l\000e\000c\000t\000i\000o\000n\000\040\000a\000n\000d\000\040\000T\000r\000a\000n\000s\000m\000i\000s\000s\000i\000o\000n}{section.7.3}% 144
\BOOKMARK [2][-]{subsection.7.3.3}{\376\377\000C\000o\000m\000m\000a\000n\000d\000\040\000a\000n\000d\000\040\000C\000o\000n\000t\000r\000o\000l}{section.7.3}% 145
\BOOKMARK [1][-]{section.7.4}{\376\377\000S\000e\000c\000u\000r\000i\000t\000y\000\040\000T\000e\000s\000t\000i\000n\000g}{chapter.7}% 146
\BOOKMARK [2][-]{subsection.7.4.1}{\376\377\000E\000n\000c\000r\000y\000p\000t\000i\000o\000n}{section.7.4}% 147
\BOOKMARK [2][-]{subsection.7.4.2}{\376\377\000A\000u\000t\000h\000e\000n\000t\000i\000c\000a\000t\000i\000o\000n}{section.7.4}% 148
\BOOKMARK [2][-]{subsection.7.4.3}{\376\377\000A\000u\000t\000h\000o\000r\000i\000z\000a\000t\000i\000o\000n}{section.7.4}% 149
\BOOKMARK [1][-]{section.7.5}{\376\377\000P\000e\000r\000f\000o\000r\000m\000a\000n\000c\000e\000\040\000T\000e\000s\000t\000i\000n\000g}{chapter.7}% 150
\BOOKMARK [2][-]{subsection.7.5.1}{\376\377\000L\000o\000a\000d\000\040\000T\000e\000s\000t\000i\000n\000g}{section.7.5}% 151
\BOOKMARK [2][-]{subsection.7.5.2}{\376\377\000L\000a\000t\000e\000n\000c\000y\000\040\000T\000e\000s\000t\000i\000n\000g}{section.7.5}% 152
\BOOKMARK [2][-]{subsection.7.5.3}{\376\377\000R\000e\000l\000i\000a\000b\000i\000l\000i\000t\000y\000\040\000T\000e\000s\000t\000i\000n\000g}{section.7.5}% 153
\BOOKMARK [1][-]{section.7.6}{\376\377\000I\000n\000t\000e\000g\000r\000a\000t\000i\000o\000n\000\040\000T\000e\000s\000t\000i\000n\000g}{chapter.7}% 154
\BOOKMARK [2][-]{subsection.7.6.1}{\376\377\000S\000I\000E\000M\000\040\000I\000n\000t\000e\000g\000r\000a\000t\000i\000o\000n}{section.7.6}% 155
\BOOKMARK [2][-]{subsection.7.6.2}{\376\377\000A\000P\000I\000\040\000T\000e\000s\000t\000i\000n\000g}{section.7.6}% 156
\BOOKMARK [1][-]{section.7.7}{\376\377\000U\000s\000e\000r\000\040\000A\000c\000c\000e\000p\000t\000a\000n\000c\000e\000\040\000T\000e\000s\000t\000i\000n\000g}{chapter.7}% 157
\BOOKMARK [2][-]{subsection.7.7.1}{\376\377\000D\000a\000s\000h\000b\000o\000a\000r\000d\000\040\000F\000u\000n\000c\000t\000i\000o\000n\000a\000l\000i\000t\000y}{section.7.7}% 158
\BOOKMARK [2][-]{subsection.7.7.2}{\376\377\000R\000e\000p\000o\000r\000t\000i\000n\000g}{section.7.7}% 159
\BOOKMARK [1][-]{section.7.8}{\376\377\000C\000o\000n\000c\000l\000u\000s\000i\000o\000n}{chapter.7}% 160
\BOOKMARK [0][-]{chapter.8}{\376\377\000C\000o\000n\000c\000l\000u\000s\000i\000o\000n}{}% 161
\BOOKMARK [1][-]{section.8.1}{\376\377\000K\000e\000y\000\040\000A\000c\000h\000i\000e\000v\000e\000m\000e\000n\000t\000s}{chapter.8}% 162
\BOOKMARK [1][-]{section.8.2}{\376\377\000C\000h\000a\000l\000l\000e\000n\000g\000e\000s\000\040\000a\000n\000d\000\040\000C\000o\000n\000s\000i\000d\000e\000r\000a\000t\000i\000o\000n\000s}{chapter.8}% 163
\BOOKMARK [1][-]{section.8.3}{\376\377\000F\000u\000t\000u\000r\000e\000\040\000I\000m\000p\000l\000i\000c\000a\000t\000i\000o\000n\000s\000\040\000a\000n\000d\000\040\000P\000o\000t\000e\000n\000t\000i\000a\000l\000\040\000I\000m\000p\000a\000c\000t}{chapter.8}% 164
\BOOKMARK [1][-]{section.8.4}{\376\377\000C\000l\000o\000s\000i\000n\000g\000\040\000T\000h\000o\000u\000g\000h\000t\000s}{chapter.8}% 165
\BOOKMARK [0][-]{chapter.9}{\376\377\000F\000u\000t\000u\000r\000e\000\040\000W\000o\000r\000k}{}% 166
\BOOKMARK [1][-]{section.9.1}{\376\377\000E\000x\000p\000a\000n\000d\000\040\000P\000l\000a\000t\000f\000o\000r\000m\000\040\000S\000u\000p\000p\000o\000r\000t}{chapter.9}% 167
\BOOKMARK [1][-]{section.9.2}{\376\377\000E\000n\000h\000a\000n\000c\000e\000\040\000D\000a\000t\000a\000\040\000C\000o\000l\000l\000e\000c\000t\000i\000o\000n\000\040\000a\000n\000d\000\040\000I\000n\000t\000e\000g\000r\000a\000t\000i\000o\000n}{chapter.9}% 168
\BOOKMARK [1][-]{section.9.3}{\376\377\000A\000d\000v\000a\000n\000c\000e\000d\000\040\000A\000I\000\040\000a\000n\000d\000\040\000M\000a\000c\000h\000i\000n\000e\000\040\000L\000e\000a\000r\000n\000i\000n\000g\000\040\000C\000a\000p\000a\000b\000i\000l\000i\000t\000i\000e\000s}{chapter.9}% 169
\BOOKMARK [1][-]{section.9.4}{\376\377\000E\000n\000h\000a\000n\000c\000e\000d\000\040\000e\000B\000P\000F\000\040\000C\000a\000p\000a\000b\000i\000l\000i\000t\000i\000e\000s}{chapter.9}% 170
\BOOKMARK [1][-]{section.9.5}{\376\377\000C\000o\000m\000p\000l\000i\000a\000n\000c\000e\000\040\000a\000n\000d\000\040\000R\000e\000g\000u\000l\000a\000t\000o\000r\000y\000\040\000F\000r\000a\000m\000e\000w\000o\000r\000k\000s}{chapter.9}% 171
\BOOKMARK [1][-]{section.9.6}{\376\377\000A\000d\000v\000a\000n\000c\000e\000d\000\040\000T\000h\000r\000e\000a\000t\000\040\000D\000e\000t\000e\000c\000t\000i\000o\000n\000\040\000a\000n\000d\000\040\000R\000e\000s\000p\000o\000n\000s\000e}{chapter.9}% 172
\BOOKMARK [1][-]{section.9.7}{\376\377\000U\000s\000e\000r\000\040\000E\000x\000p\000e\000r\000i\000e\000n\000c\000e\000\040\000a\000n\000d\000\040\000V\000i\000s\000u\000a\000l\000i\000z\000a\000t\000i\000o\000n}{chapter.9}% 173
\BOOKMARK [1][-]{section.9.8}{\376\377\000P\000e\000r\000f\000o\000r\000m\000a\000n\000c\000e\000\040\000a\000n\000d\000\040\000S\000c\000a\000l\000a\000b\000i\000l\000i\000t\000y}{chapter.9}% 174
\BOOKMARK [1][-]{section.9.9}{\376\377\000I\000n\000c\000i\000d\000e\000n\000t\000\040\000R\000e\000s\000p\000o\000n\000s\000e\000\040\000a\000n\000d\000\040\000O\000r\000c\000h\000e\000s\000t\000r\000a\000t\000i\000o\000n}{chapter.9}% 175
\BOOKMARK [1][-]{section.9.10}{\376\377\000C\000o\000n\000t\000i\000n\000u\000o\000u\000s\000\040\000L\000e\000a\000r\000n\000i\000n\000g\000\040\000a\000n\000d\000\040\000I\000m\000p\000r\000o\000v\000e\000m\000e\000n\000t}{chapter.9}% 176
\BOOKMARK [1][-]{section.9.11}{\376\377\000R\000e\000s\000e\000a\000r\000c\000h\000\040\000I\000n\000i\000t\000i\000a\000t\000i\000v\000e\000s}{chapter.9}% 177
\BOOKMARK [1][-]{section.9.12}{\376\377\000C\000o\000n\000c\000l\000u\000s\000i\000o\000n}{chapter.9}% 178
